<?xml version="1.0" encoding="UTF-8"?>
<!-- Generated by org.testng.reporters.JUnitReportReporter -->
<testsuite hostname="LAPTOP-8QDITK34" failures="0" tests="5" name="practice.DataProvider3Test" time="0.017" errors="0" timestamp="2022-07-05T12:26:46 IST" skipped="0">
  <testcase classname="practice.DataProvider3Test" name="bookTicket" time="0.002"/>
  <system-out/>
  <testcase classname="practice.DataProvider3Test" name="bookTicket" time="0.009"/>
  <system-out/>
  <testcase classname="practice.DataProvider3Test" name="bookTicket" time="0.002"/>
  <system-out/>
  <testcase classname="practice.DataProvider3Test" name="bookTicket" time="0.002"/>
  <system-out/>
  <testcase classname="practice.DataProvider3Test" name="bookTicket" time="0.002"/>
  <system-out/>
</testsuite> <!-- practice.DataProvider3Test -->
