<?xml version="1.0" encoding="UTF-8"?>
<!-- Generated by org.testng.reporters.JUnitReportReporter -->
<testsuite hostname="LAPTOP-8QDITK34" failures="0" tests="1" name="com.crm.proximus.hokage.contactTest.CreateContactTest" time="42.533" errors="0" timestamp="2022-07-05T13:13:02 IST" skipped="0">
  <testcase classname="com.crm.proximus.hokage.contactTest.CreateContactTest" name="createCustomerAndDeleteTest" time="42.533"/>
  <system-out/>
</testsuite> <!-- com.crm.proximus.hokage.contactTest.CreateContactTest -->
