<?xml version="1.0" encoding="UTF-8"?>
<!-- Generated by org.testng.reporters.JUnitReportReporter -->
<testsuite hostname="LAPTOP-8QDITK34" failures="0" tests="10" name="practice.DataProviderWithExcelTest" time="0.050" errors="0" timestamp="2022-07-05T14:58:08 IST" skipped="0">
  <testcase classname="practice.DataProviderWithExcelTest" name="bookTicket" time="0.005"/>
  <system-out/>
  <testcase classname="practice.DataProviderWithExcelTest" name="bookTicket" time="0.012"/>
  <system-out/>
  <testcase classname="practice.DataProviderWithExcelTest" name="bookTicket" time="0.003"/>
  <system-out/>
  <testcase classname="practice.DataProviderWithExcelTest" name="bookTicket" time="0.005"/>
  <system-out/>
  <testcase classname="practice.DataProviderWithExcelTest" name="bookTicket" time="0.002"/>
  <system-out/>
  <testcase classname="practice.DataProviderWithExcelTest" name="bookTicket" time="0.005"/>
  <system-out/>
  <testcase classname="practice.DataProviderWithExcelTest" name="bookTicket" time="0.002"/>
  <system-out/>
  <testcase classname="practice.DataProviderWithExcelTest" name="bookTicket" time="0.008"/>
  <system-out/>
  <testcase classname="practice.DataProviderWithExcelTest" name="bookTicket" time="0.003"/>
  <system-out/>
  <testcase classname="practice.DataProviderWithExcelTest" name="bookTicket" time="0.005"/>
  <system-out/>
</testsuite> <!-- practice.DataProviderWithExcelTest -->
