<?xml version="1.0" encoding="UTF-8"?>
<!-- Generated by org.testng.reporters.JUnitReportReporter -->
<testsuite hostname="LAPTOP-8QDITK34" failures="0" tests="1" name="com.crm.proximus.hokage.organizationTest.CreateOrganizationTest" time="16.512" errors="0" timestamp="2022-07-05T15:02:47 IST" skipped="0">
  <testcase classname="com.crm.proximus.hokage.organizationTest.CreateOrganizationTest" name="createOrganizationTest" time="16.512"/>
  <system-out/>
</testsuite> <!-- com.crm.proximus.hokage.organizationTest.CreateOrganizationTest -->
