<?xml version="1.0" encoding="UTF-8"?>
<!-- Generated by org.testng.reporters.JUnitReportReporter -->
<testsuite hostname="LAPTOP-8QDITK34" failures="0" tests="10" name="practice.TestngPracticeTest" time="0.031" errors="0" timestamp="2022-07-05T13:07:20 IST" skipped="0">
  <testcase classname="practice.TestngPracticeTest" name="bookTicket" time="0.003"/>
  <system-out/>
  <testcase classname="practice.TestngPracticeTest" name="bookTicket" time="0.004"/>
  <system-out/>
  <testcase classname="practice.TestngPracticeTest" name="bookTicket" time="0.002"/>
  <system-out/>
  <testcase classname="practice.TestngPracticeTest" name="bookTicket" time="0.003"/>
  <system-out/>
  <testcase classname="practice.TestngPracticeTest" name="bookTicket" time="0.002"/>
  <system-out/>
  <testcase classname="practice.TestngPracticeTest" name="bookTicket" time="0.003"/>
  <system-out/>
  <testcase classname="practice.TestngPracticeTest" name="bookTicket" time="0.003"/>
  <system-out/>
  <testcase classname="practice.TestngPracticeTest" name="bookTicket" time="0.002"/>
  <system-out/>
  <testcase classname="practice.TestngPracticeTest" name="bookTicket" time="0.001"/>
  <system-out/>
  <testcase classname="practice.TestngPracticeTest" name="bookTicket" time="0.008"/>
  <system-out/>
</testsuite> <!-- practice.TestngPracticeTest -->
